[ERROR] => Unauthorized error: Full authentication is required to access this resource
 AT r.s.security.AuthEntryPointJwt  --- PID: 28937	thread: [https-jsse-nio-9050-exec-8]	DATE/TIME: 2022-10-09 12:45:25[ERROR] => Unauthorized error: Full authentication is required to access this resource
 AT r.s.security.AuthEntryPointJwt  --- PID: 28954	thread: [https-jsse-nio-9050-exec-4]	DATE/TIME: 2022-10-09 12:45:25[ERROR] => Unauthorized error: Full authentication is required to access this resource
 AT r.s.security.AuthEntryPointJwt  --- PID: 28958	thread: [https-jsse-nio-9050-exec-9]	DATE/TIME: 2022-10-09 12:45:25[ERROR] => Unauthorized error: Full authentication is required to access this resource
 AT r.s.security.AuthEntryPointJwt  --- PID: 29030	thread: [https-jsse-nio-9050-exec-1]	DATE/TIME: 2022-10-09 12:45:25[ERROR] => Unauthorized error: Full authentication is required to access this resource
 AT r.s.security.AuthEntryPointJwt  --- PID: 29083	thread: [https-jsse-nio-9050-exec-2]	DATE/TIME: 2022-10-09 12:45:25[ERROR] => Unauthorized error: Full authentication is required to access this resource
 AT r.s.security.AuthEntryPointJwt  --- PID: 183061	thread: [https-jsse-nio-9050-exec-8]	DATE/TIME: 2022-10-09 12:47:59[ERROR] => Unauthorized error: Full authentication is required to access this resource
 AT r.s.security.AuthEntryPointJwt  --- PID: 183063	thread: [https-jsse-nio-9050-exec-4]	DATE/TIME: 2022-10-09 12:47:59[ERROR] => Unauthorized error: Full authentication is required to access this resource
 AT r.s.security.AuthEntryPointJwt  --- PID: 14605	thread: [https-jsse-nio-9050-exec-6]	DATE/TIME: 2022-10-09 13:01:22[ERROR] => Unauthorized error: Full authentication is required to access this resource
 AT r.s.security.AuthEntryPointJwt  --- PID: 14621	thread: [https-jsse-nio-9050-exec-2]	DATE/TIME: 2022-10-09 13:01:22[ERROR] => Unauthorized error: Full authentication is required to access this resource
 AT r.s.security.AuthEntryPointJwt  --- PID: 14640	thread: [https-jsse-nio-9050-exec-7]	DATE/TIME: 2022-10-09 13:01:22[ERROR] => Unauthorized error: Full authentication is required to access this resource
 AT r.s.security.AuthEntryPointJwt  --- PID: 14678	thread: [https-jsse-nio-9050-exec-9]	DATE/TIME: 2022-10-09 13:01:22[ERROR] => Unauthorized error: Full authentication is required to access this resource
 AT r.s.security.AuthEntryPointJwt  --- PID: 10060	thread: [https-jsse-nio-9050-exec-6]	DATE/TIME: 2022-10-09 13:03:11[ERROR] => Unauthorized error: Full authentication is required to access this resource
 AT r.s.security.AuthEntryPointJwt  --- PID: 10074	thread: [https-jsse-nio-9050-exec-2]	DATE/TIME: 2022-10-09 13:03:11[ERROR] => Unauthorized error: Full authentication is required to access this resource
 AT r.s.security.AuthEntryPointJwt  --- PID: 10077	thread: [https-jsse-nio-9050-exec-7]	DATE/TIME: 2022-10-09 13:03:11[ERROR] => Unauthorized error: Full authentication is required to access this resource
 AT r.s.security.AuthEntryPointJwt  --- PID: 10091	thread: [https-jsse-nio-9050-exec-9]	DATE/TIME: 2022-10-09 13:03:11[ERROR] => Unauthorized error: Full authentication is required to access this resource
 AT r.s.security.AuthEntryPointJwt  --- PID: 97010	thread: [https-jsse-nio-9050-exec-4]	DATE/TIME: 2022-10-09 13:04:38[ERROR] => Unauthorized error: Full authentication is required to access this resource
 AT r.s.security.AuthEntryPointJwt  --- PID: 97043	thread: [https-jsse-nio-9050-exec-6]	DATE/TIME: 2022-10-09 13:04:38[ERROR] => Unauthorized error: Full authentication is required to access this resource
 AT r.s.security.AuthEntryPointJwt  --- PID: 20375	thread: [https-jsse-nio-9050-exec-7]	DATE/TIME: 2022-10-09 13:06:46[ERROR] => Unauthorized error: Full authentication is required to access this resource
 AT r.s.security.AuthEntryPointJwt  --- PID: 20375	thread: [https-jsse-nio-9050-exec-3]	DATE/TIME: 2022-10-09 13:06:46[ERROR] => Unauthorized error: Full authentication is required to access this resource
 AT r.s.security.AuthEntryPointJwt  --- PID: 149857	thread: [https-jsse-nio-9050-exec-7]	DATE/TIME: 2022-10-09 13:08:55[ERROR] => Unauthorized error: Full authentication is required to access this resource
 AT r.s.security.AuthEntryPointJwt  --- PID: 149863	thread: [https-jsse-nio-9050-exec-6]	DATE/TIME: 2022-10-09 13:08:55[ERROR] => Unauthorized error: Full authentication is required to access this resource
 AT r.s.security.AuthEntryPointJwt  --- PID: 149870	thread: [https-jsse-nio-9050-exec-1]	DATE/TIME: 2022-10-09 13:08:55[ERROR] => Unauthorized error: Full authentication is required to access this resource
 AT r.s.security.AuthEntryPointJwt  --- PID: 150146	thread: [https-jsse-nio-9050-exec-8]	DATE/TIME: 2022-10-09 13:08:56[ERROR] => Unauthorized error: Full authentication is required to access this resource
 AT r.s.security.AuthEntryPointJwt  --- PID: 150163	thread: [https-jsse-nio-9050-exec-4]	DATE/TIME: 2022-10-09 13:08:56[ERROR] => Unauthorized error: Full authentication is required to access this resource
 AT r.s.security.AuthEntryPointJwt  --- PID: 12166	thread: [https-jsse-nio-9050-exec-6]	DATE/TIME: 2022-10-09 13:16:02[ERROR] => Unauthorized error: Full authentication is required to access this resource
 AT r.s.security.AuthEntryPointJwt  --- PID: 12182	thread: [https-jsse-nio-9050-exec-2]	DATE/TIME: 2022-10-09 13:16:02[ERROR] => Unauthorized error: Full authentication is required to access this resource
 AT r.s.security.AuthEntryPointJwt  --- PID: 12185	thread: [https-jsse-nio-9050-exec-7]	DATE/TIME: 2022-10-09 13:16:02[ERROR] => Unauthorized error: Full authentication is required to access this resource
 AT r.s.security.AuthEntryPointJwt  --- PID: 12334	thread: [https-jsse-nio-9050-exec-9]	DATE/TIME: 2022-10-09 13:16:02[ERROR] => Unauthorized error: Full authentication is required to access this resource
 AT r.s.security.AuthEntryPointJwt  --- PID: 12347	thread: [https-jsse-nio-9050-exec-10]	DATE/TIME: 2022-10-09 13:16:02[ERROR] => Unauthorized error: Full authentication is required to access this resource
 AT r.s.security.AuthEntryPointJwt  --- PID: 15492	thread: [https-jsse-nio-9050-exec-3]	DATE/TIME: 2022-10-09 13:16:05[ERROR] => Unauthorized error: Full authentication is required to access this resource
 AT r.s.security.AuthEntryPointJwt  --- PID: 15492	thread: [https-jsse-nio-9050-exec-4]	DATE/TIME: 2022-10-09 13:16:05[ERROR] => Unauthorized error: Full authentication is required to access this resource
 AT r.s.security.AuthEntryPointJwt  --- PID: 15492	thread: [https-jsse-nio-9050-exec-8]	DATE/TIME: 2022-10-09 13:16:05[ERROR] => Unauthorized error: Full authentication is required to access this resource
 AT r.s.security.AuthEntryPointJwt  --- PID: 15567	thread: [https-jsse-nio-9050-exec-5]	DATE/TIME: 2022-10-09 13:16:05[ERROR] => Unauthorized error: Full authentication is required to access this resource
 AT r.s.security.AuthEntryPointJwt  --- PID: 15579	thread: [https-jsse-nio-9050-exec-6]	DATE/TIME: 2022-10-09 13:16:05[ERROR] => Unauthorized error: Full authentication is required to access this resource
 AT r.s.security.AuthEntryPointJwt  --- PID: 18903	thread: [https-jsse-nio-9050-exec-2]	DATE/TIME: 2022-10-09 13:16:08[ERROR] => Unauthorized error: Full authentication is required to access this resource
 AT r.s.security.AuthEntryPointJwt  --- PID: 8228	thread: [https-jsse-nio-9050-exec-6]	DATE/TIME: 2022-10-09 13:16:38[ERROR] => Unauthorized error: Full authentication is required to access this resource
 AT r.s.security.AuthEntryPointJwt  --- PID: 8246	thread: [https-jsse-nio-9050-exec-2]	DATE/TIME: 2022-10-09 13:16:38[ERROR] => Unauthorized error: Full authentication is required to access this resource
 AT r.s.security.AuthEntryPointJwt  --- PID: 8253	thread: [https-jsse-nio-9050-exec-9]	DATE/TIME: 2022-10-09 13:16:38[ERROR] => Unauthorized error: Full authentication is required to access this resource
 AT r.s.security.AuthEntryPointJwt  --- PID: 8324	thread: [https-jsse-nio-9050-exec-10]	DATE/TIME: 2022-10-09 13:16:38[ERROR] => Unauthorized error: Full authentication is required to access this resource
 AT r.s.security.AuthEntryPointJwt  --- PID: 8335	thread: [https-jsse-nio-9050-exec-1]	DATE/TIME: 2022-10-09 13:16:38[ERROR] => Unauthorized error: Full authentication is required to access this resource
 AT r.s.security.AuthEntryPointJwt  --- PID: 9794	thread: [https-jsse-nio-9050-exec-6]	DATE/TIME: 2022-10-09 13:19:42[ERROR] => Unauthorized error: Full authentication is required to access this resource
 AT r.s.security.AuthEntryPointJwt  --- PID: 9809	thread: [https-jsse-nio-9050-exec-4]	DATE/TIME: 2022-10-09 13:19:42[ERROR] => Unauthorized error: Full authentication is required to access this resource
 AT r.s.security.AuthEntryPointJwt  --- PID: 9811	thread: [https-jsse-nio-9050-exec-7]	DATE/TIME: 2022-10-09 13:19:42[ERROR] => Unauthorized error: Full authentication is required to access this resource
 AT r.s.security.AuthEntryPointJwt  --- PID: 9941	thread: [https-jsse-nio-9050-exec-9]	DATE/TIME: 2022-10-09 13:19:42[ERROR] => Unauthorized error: Full authentication is required to access this resource
 AT r.s.security.AuthEntryPointJwt  --- PID: 9956	thread: [https-jsse-nio-9050-exec-10]	DATE/TIME: 2022-10-09 13:19:42[ERROR] => Unauthorized error: Full authentication is required to access this resource
 AT r.s.security.AuthEntryPointJwt  --- PID: 10272	thread: [https-jsse-nio-9050-exec-6]	DATE/TIME: 2022-10-09 13:31:45[ERROR] => Unauthorized error: Full authentication is required to access this resource
 AT r.s.security.AuthEntryPointJwt  --- PID: 10287	thread: [https-jsse-nio-9050-exec-2]	DATE/TIME: 2022-10-09 13:31:45[ERROR] => Unauthorized error: Full authentication is required to access this resource
 AT r.s.security.AuthEntryPointJwt  --- PID: 10290	thread: [https-jsse-nio-9050-exec-7]	DATE/TIME: 2022-10-09 13:31:45[ERROR] => Unauthorized error: Full authentication is required to access this resource
 AT r.s.security.AuthEntryPointJwt  --- PID: 10519	thread: [https-jsse-nio-9050-exec-9]	DATE/TIME: 2022-10-09 13:31:46[ERROR] => Unauthorized error: Full authentication is required to access this resource
 AT r.s.security.AuthEntryPointJwt  --- PID: 10531	thread: [https-jsse-nio-9050-exec-10]	DATE/TIME: 2022-10-09 13:31:46[ERROR] => Unauthorized error: Full authentication is required to access this resource
 AT r.s.security.AuthEntryPointJwt  --- PID: 22647	thread: [https-jsse-nio-9050-exec-8]	DATE/TIME: 2022-10-09 13:31:58[ERROR] => Unauthorized error: Full authentication is required to access this resource
 AT r.s.security.AuthEntryPointJwt  --- PID: 22649	thread: [https-jsse-nio-9050-exec-3]	DATE/TIME: 2022-10-09 13:31:58[ERROR] => Unauthorized error: Full authentication is required to access this resource
 AT r.s.security.AuthEntryPointJwt  --- PID: 22650	thread: [https-jsse-nio-9050-exec-4]	DATE/TIME: 2022-10-09 13:31:58[ERROR] => Unauthorized error: Full authentication is required to access this resource
 AT r.s.security.AuthEntryPointJwt  --- PID: 22709	thread: [https-jsse-nio-9050-exec-5]	DATE/TIME: 2022-10-09 13:31:58[ERROR] => Unauthorized error: Full authentication is required to access this resource
 AT r.s.security.AuthEntryPointJwt  --- PID: 29801	thread: [https-jsse-nio-9050-exec-9]	DATE/TIME: 2022-10-09 13:32:05[ERROR] => Unauthorized error: Full authentication is required to access this resource
 AT r.s.security.AuthEntryPointJwt  --- PID: 29801	thread: [https-jsse-nio-9050-exec-7]	DATE/TIME: 2022-10-09 13:32:05[ERROR] => Unauthorized error: Full authentication is required to access this resource
 AT r.s.security.AuthEntryPointJwt  --- PID: 29801	thread: [https-jsse-nio-9050-exec-2]	DATE/TIME: 2022-10-09 13:32:05[ERROR] => Unauthorized error: Full authentication is required to access this resource
 AT r.s.security.AuthEntryPointJwt  --- PID: 29838	thread: [https-jsse-nio-9050-exec-10]	DATE/TIME: 2022-10-09 13:32:05[ERROR] => Unauthorized error: Full authentication is required to access this resource
 AT r.s.security.AuthEntryPointJwt  --- PID: 183119	thread: [https-jsse-nio-9050-exec-7]	DATE/TIME: 2022-10-09 13:34:38[ERROR] => Unauthorized error: Full authentication is required to access this resource
 AT r.s.security.AuthEntryPointJwt  --- PID: 11265	thread: [https-jsse-nio-9050-exec-6]	DATE/TIME: 2022-10-09 13:46:58[ERROR] => Unauthorized error: Full authentication is required to access this resource
 AT r.s.security.AuthEntryPointJwt  --- PID: 11281	thread: [https-jsse-nio-9050-exec-2]	DATE/TIME: 2022-10-09 13:46:58[ERROR] => Unauthorized error: Full authentication is required to access this resource
 AT r.s.security.AuthEntryPointJwt  --- PID: 11292	thread: [https-jsse-nio-9050-exec-7]	DATE/TIME: 2022-10-09 13:46:58[ERROR] => Unauthorized error: Full authentication is required to access this resource
 AT r.s.security.AuthEntryPointJwt  --- PID: 11467	thread: [https-jsse-nio-9050-exec-9]	DATE/TIME: 2022-10-09 13:46:58[ERROR] => Unauthorized error: Full authentication is required to access this resource
 AT r.s.security.AuthEntryPointJwt  --- PID: 11488	thread: [https-jsse-nio-9050-exec-10]	DATE/TIME: 2022-10-09 13:46:58[ERROR] => Unauthorized error: Full authentication is required to access this resource
 AT r.s.security.AuthEntryPointJwt  --- PID: 61626	thread: [https-jsse-nio-9050-exec-2]	DATE/TIME: 2022-10-09 13:47:48[ERROR] => Unauthorized error: Full authentication is required to access this resource
 AT r.s.security.AuthEntryPointJwt  --- PID: 61627	thread: [https-jsse-nio-9050-exec-6]	DATE/TIME: 2022-10-09 13:47:48[ERROR] => Unauthorized error: Full authentication is required to access this resource
 AT r.s.security.AuthEntryPointJwt  --- PID: 61627	thread: [https-jsse-nio-9050-exec-8]	DATE/TIME: 2022-10-09 13:47:48[ERROR] => Unauthorized error: Full authentication is required to access this resource
 AT r.s.security.AuthEntryPointJwt  --- PID: 61687	thread: [https-jsse-nio-9050-exec-4]	DATE/TIME: 2022-10-09 13:47:48[ERROR] => Unauthorized error: Full authentication is required to access this resource
 AT r.s.security.AuthEntryPointJwt  --- PID: 8731	thread: [https-jsse-nio-9050-exec-6]	DATE/TIME: 2022-10-09 13:49:07[ERROR] => Unauthorized error: Full authentication is required to access this resource
 AT r.s.security.AuthEntryPointJwt  --- PID: 8750	thread: [https-jsse-nio-9050-exec-2]	DATE/TIME: 2022-10-09 13:49:07[ERROR] => Unauthorized error: Full authentication is required to access this resource
 AT r.s.security.AuthEntryPointJwt  --- PID: 8760	thread: [https-jsse-nio-9050-exec-7]	DATE/TIME: 2022-10-09 13:49:07[ERROR] => Unauthorized error: Full authentication is required to access this resource
 AT r.s.security.AuthEntryPointJwt  --- PID: 8943	thread: [https-jsse-nio-9050-exec-8]	DATE/TIME: 2022-10-09 13:49:07[ERROR] => Unauthorized error: Full authentication is required to access this resource
 AT r.s.security.AuthEntryPointJwt  --- PID: 8992	thread: [https-jsse-nio-9050-exec-10]	DATE/TIME: 2022-10-09 13:49:07[ERROR] => Unauthorized error: Full authentication is required to access this resource
 AT r.s.security.AuthEntryPointJwt  --- PID: 7842	thread: [https-jsse-nio-9050-exec-6]	DATE/TIME: 2022-10-09 13:49:44[ERROR] => Unauthorized error: Full authentication is required to access this resource
 AT r.s.security.AuthEntryPointJwt  --- PID: 7863	thread: [https-jsse-nio-9050-exec-2]	DATE/TIME: 2022-10-09 13:49:44[ERROR] => Unauthorized error: Full authentication is required to access this resource
 AT r.s.security.AuthEntryPointJwt  --- PID: 7868	thread: [https-jsse-nio-9050-exec-7]	DATE/TIME: 2022-10-09 13:49:44[ERROR] => Unauthorized error: Full authentication is required to access this resource
 AT r.s.security.AuthEntryPointJwt  --- PID: 7977	thread: [https-jsse-nio-9050-exec-9]	DATE/TIME: 2022-10-09 13:49:44[ERROR] => Unauthorized error: Full authentication is required to access this resource
 AT r.s.security.AuthEntryPointJwt  --- PID: 7992	thread: [https-jsse-nio-9050-exec-10]	DATE/TIME: 2022-10-09 13:49:44[ERROR] => Unauthorized error: Full authentication is required to access this resource
 AT r.s.security.AuthEntryPointJwt  --- PID: 10254	thread: [https-jsse-nio-9050-exec-6]	DATE/TIME: 2022-10-09 13:53:20[ERROR] => Unauthorized error: Full authentication is required to access this resource
 AT r.s.security.AuthEntryPointJwt  --- PID: 10254	thread: [https-jsse-nio-9050-exec-7]	DATE/TIME: 2022-10-09 13:53:20[ERROR] => Unauthorized error: Full authentication is required to access this resource
 AT r.s.security.AuthEntryPointJwt  --- PID: 23775	thread: [https-jsse-nio-9050-exec-3]	DATE/TIME: 2022-10-09 13:53:34[ERROR] => Unauthorized error: Full authentication is required to access this resource
 AT r.s.security.AuthEntryPointJwt  --- PID: 18787	thread: [https-jsse-nio-9050-exec-6]	DATE/TIME: 2022-10-09 14:01:25[ERROR] => Unauthorized error: Full authentication is required to access this resource
 AT r.s.security.AuthEntryPointJwt  --- PID: 18803	thread: [https-jsse-nio-9050-exec-2]	DATE/TIME: 2022-10-09 14:01:25[ERROR] => Unauthorized error: Full authentication is required to access this resource
 AT r.s.security.AuthEntryPointJwt  --- PID: 18808	thread: [https-jsse-nio-9050-exec-7]	DATE/TIME: 2022-10-09 14:01:25[ERROR] => Unauthorized error: Full authentication is required to access this resource
 AT r.s.security.AuthEntryPointJwt  --- PID: 18965	thread: [https-jsse-nio-9050-exec-9]	DATE/TIME: 2022-10-09 14:01:25[ERROR] => Unauthorized error: Full authentication is required to access this resource
 AT r.s.security.AuthEntryPointJwt  --- PID: 19001	thread: [https-jsse-nio-9050-exec-10]	DATE/TIME: 2022-10-09 14:01:25[ERROR] => Unauthorized error: Full authentication is required to access this resource
 AT r.s.security.AuthEntryPointJwt  --- PID: 9538	thread: [https-jsse-nio-9050-exec-6]	DATE/TIME: 2022-10-09 14:03:30[ERROR] => Unauthorized error: Full authentication is required to access this resource
 AT r.s.security.AuthEntryPointJwt  --- PID: 9554	thread: [https-jsse-nio-9050-exec-2]	DATE/TIME: 2022-10-09 14:03:30[ERROR] => Unauthorized error: Full authentication is required to access this resource
 AT r.s.security.AuthEntryPointJwt  --- PID: 9560	thread: [https-jsse-nio-9050-exec-7]	DATE/TIME: 2022-10-09 14:03:30[ERROR] => Unauthorized error: Full authentication is required to access this resource
 AT r.s.security.AuthEntryPointJwt  --- PID: 9760	thread: [https-jsse-nio-9050-exec-8]	DATE/TIME: 2022-10-09 14:03:30[ERROR] => Unauthorized error: Full authentication is required to access this resource
 AT r.s.security.AuthEntryPointJwt  --- PID: 9810	thread: [https-jsse-nio-9050-exec-9]	DATE/TIME: 2022-10-09 14:03:30[ERROR] => Unauthorized error: Full authentication is required to access this resource
 AT r.s.security.AuthEntryPointJwt  --- PID: 11936	thread: [https-jsse-nio-9050-exec-6]	DATE/TIME: 2022-10-09 14:12:18[ERROR] => Unauthorized error: Full authentication is required to access this resource
 AT r.s.security.AuthEntryPointJwt  --- PID: 11952	thread: [https-jsse-nio-9050-exec-5]	DATE/TIME: 2022-10-09 14:12:18[ERROR] => Unauthorized error: Full authentication is required to access this resource
 AT r.s.security.AuthEntryPointJwt  --- PID: 11953	thread: [https-jsse-nio-9050-exec-7]	DATE/TIME: 2022-10-09 14:12:18[ERROR] => Unauthorized error: Full authentication is required to access this resource
 AT r.s.security.AuthEntryPointJwt  --- PID: 12332	thread: [https-jsse-nio-9050-exec-9]	DATE/TIME: 2022-10-09 14:12:18[ERROR] => Unauthorized error: Full authentication is required to access this resource
 AT r.s.security.AuthEntryPointJwt  --- PID: 12344	thread: [https-jsse-nio-9050-exec-10]	DATE/TIME: 2022-10-09 14:12:18[ERROR] => Unauthorized error: Full authentication is required to access this resource
 AT r.s.security.AuthEntryPointJwt  --- PID: 12490	thread: [https-jsse-nio-9050-exec-6]	DATE/TIME: 2022-10-09 14:20:14[ERROR] => Unauthorized error: Full authentication is required to access this resource
 AT r.s.security.AuthEntryPointJwt  --- PID: 12505	thread: [https-jsse-nio-9050-exec-2]	DATE/TIME: 2022-10-09 14:20:14[ERROR] => Unauthorized error: Full authentication is required to access this resource
 AT r.s.security.AuthEntryPointJwt  --- PID: 12507	thread: [https-jsse-nio-9050-exec-7]	DATE/TIME: 2022-10-09 14:20:14[ERROR] => Unauthorized error: Full authentication is required to access this resource
 AT r.s.security.AuthEntryPointJwt  --- PID: 12661	thread: [https-jsse-nio-9050-exec-9]	DATE/TIME: 2022-10-09 14:20:14[ERROR] => Unauthorized error: Full authentication is required to access this resource
 AT r.s.security.AuthEntryPointJwt  --- PID: 12716	thread: [https-jsse-nio-9050-exec-10]	DATE/TIME: 2022-10-09 14:20:14[ERROR] => Unauthorized error: Full authentication is required to access this resource
 AT r.s.security.AuthEntryPointJwt  --- PID: 19688	thread: [https-jsse-nio-9050-exec-4]	DATE/TIME: 2022-10-09 14:20:21[ERROR] => Unauthorized error: Full authentication is required to access this resource
 AT r.s.security.AuthEntryPointJwt  --- PID: 19688	thread: [https-jsse-nio-9050-exec-8]	DATE/TIME: 2022-10-09 14:20:21[ERROR] => Unauthorized error: Full authentication is required to access this resource
 AT r.s.security.AuthEntryPointJwt  --- PID: 19688	thread: [https-jsse-nio-9050-exec-3]	DATE/TIME: 2022-10-09 14:20:21[ERROR] => Unauthorized error: Full authentication is required to access this resource
 AT r.s.security.AuthEntryPointJwt  --- PID: 19733	thread: [https-jsse-nio-9050-exec-5]	DATE/TIME: 2022-10-09 14:20:21[ERROR] => Unauthorized error: Full authentication is required to access this resource
 AT r.s.security.AuthEntryPointJwt  --- PID: 29967	thread: [https-jsse-nio-9050-exec-6]	DATE/TIME: 2022-10-09 14:20:31[ERROR] => Unauthorized error: Full authentication is required to access this resource
 AT r.s.security.AuthEntryPointJwt  --- PID: 29967	thread: [https-jsse-nio-9050-exec-2]	DATE/TIME: 2022-10-09 14:20:31[ERROR] => Unauthorized error: Full authentication is required to access this resource
 AT r.s.security.AuthEntryPointJwt  --- PID: 29967	thread: [https-jsse-nio-9050-exec-9]	DATE/TIME: 2022-10-09 14:20:31[ERROR] => Unauthorized error: Full authentication is required to access this resource
 AT r.s.security.AuthEntryPointJwt  --- PID: 30034	thread: [https-jsse-nio-9050-exec-10]	DATE/TIME: 2022-10-09 14:20:31[ERROR] => Unauthorized error: Full authentication is required to access this resource
 AT r.s.security.AuthEntryPointJwt  --- PID: 30079	thread: [https-jsse-nio-9050-exec-1]	DATE/TIME: 2022-10-09 14:20:31[ERROR] => Unauthorized error: Full authentication is required to access this resource
 AT r.s.security.AuthEntryPointJwt  --- PID: 14713	thread: [https-jsse-nio-9050-exec-3]	DATE/TIME: 2022-10-09 14:22:40[ERROR] => Unauthorized error: Full authentication is required to access this resource
 AT r.s.security.AuthEntryPointJwt  --- PID: 14713	thread: [https-jsse-nio-9050-exec-2]	DATE/TIME: 2022-10-09 14:22:40[ERROR] => Unauthorized error: Full authentication is required to access this resource
 AT r.s.security.AuthEntryPointJwt  --- PID: 35959	thread: [https-jsse-nio-9050-exec-2]	DATE/TIME: 2022-10-09 14:27:24[ERROR] => Unauthorized error: Full authentication is required to access this resource
 AT r.s.security.AuthEntryPointJwt  --- PID: 35965	thread: [https-jsse-nio-9050-exec-4]	DATE/TIME: 2022-10-09 14:27:24[ERROR] => Unauthorized error: Full authentication is required to access this resource
 AT r.s.security.AuthEntryPointJwt  --- PID: 17938	thread: [https-jsse-nio-9050-exec-7]	DATE/TIME: 2022-10-09 14:32:05[ERROR] => Unauthorized error: Full authentication is required to access this resource
 AT r.s.security.AuthEntryPointJwt  --- PID: 17938	thread: [https-jsse-nio-9050-exec-9]	DATE/TIME: 2022-10-09 14:32:05[ERROR] => Unauthorized error: Full authentication is required to access this resource
 AT r.s.security.AuthEntryPointJwt  --- PID: 67837	thread: [http-nio-9050-exec-4]	DATE/TIME: 2022-10-09 14:39:11[ERROR] => Unauthorized error: Full authentication is required to access this resource
 AT r.s.security.AuthEntryPointJwt  --- PID: 67837	thread: [http-nio-9050-exec-5]	DATE/TIME: 2022-10-09 14:39:11[ERROR] => Unauthorized error: Full authentication is required to access this resource
 AT r.s.security.AuthEntryPointJwt  --- PID: 18564	thread: [http-nio-9050-exec-5]	DATE/TIME: 2022-10-09 14:42:42[ERROR] => Unauthorized error: Full authentication is required to access this resource
 AT r.s.security.AuthEntryPointJwt  --- PID: 18564	thread: [http-nio-9050-exec-4]	DATE/TIME: 2022-10-09 14:42:42[ERROR] => Unauthorized error: Full authentication is required to access this resource
 AT r.s.security.AuthEntryPointJwt  --- PID: 289728	thread: [http-nio-9050-exec-2]	DATE/TIME: 2022-10-09 14:47:13[ERROR] => Unauthorized error: Full authentication is required to access this resource
 AT r.s.security.AuthEntryPointJwt  --- PID: 289737	thread: [http-nio-9050-exec-3]	DATE/TIME: 2022-10-09 14:47:13[ERROR] => Unauthorized error: Full authentication is required to access this resource
 AT r.s.security.AuthEntryPointJwt  --- PID: 15660	thread: [http-nio-9050-exec-4]	DATE/TIME: 2022-10-09 14:51:55[ERROR] => Unauthorized error: Full authentication is required to access this resource
 AT r.s.security.AuthEntryPointJwt  --- PID: 15660	thread: [http-nio-9050-exec-5]	DATE/TIME: 2022-10-09 14:51:55[ERROR] => Unauthorized error: Full authentication is required to access this resource
 AT r.s.security.AuthEntryPointJwt  --- PID: 308537	thread: [http-nio-9050-exec-6]	DATE/TIME: 2022-10-09 14:56:48[ERROR] => Unauthorized error: Full authentication is required to access this resource
 AT r.s.security.AuthEntryPointJwt  --- PID: 308538	thread: [http-nio-9050-exec-9]	DATE/TIME: 2022-10-09 14:56:48[ERROR] => Unauthorized error: Full authentication is required to access this resource
 AT r.s.security.AuthEntryPointJwt  --- PID: 15417	thread: [http-nio-9050-exec-5]	DATE/TIME: 2022-10-09 14:59:41[ERROR] => Unauthorized error: Full authentication is required to access this resource
 AT r.s.security.AuthEntryPointJwt  --- PID: 15417	thread: [http-nio-9050-exec-4]	DATE/TIME: 2022-10-09 14:59:41[ERROR] => Unauthorized error: Full authentication is required to access this resource
 AT r.s.security.AuthEntryPointJwt  --- PID: 23545	thread: [http-nio-9050-exec-5]	DATE/TIME: 2022-10-09 15:01:15[ERROR] => Unauthorized error: Full authentication is required to access this resource
 AT r.s.security.AuthEntryPointJwt  --- PID: 23545	thread: [http-nio-9050-exec-4]	DATE/TIME: 2022-10-09 15:01:15[ERROR] => Unauthorized error: Full authentication is required to access this resource
 AT r.s.security.AuthEntryPointJwt  --- PID: 34130	thread: [http-nio-9050-exec-4]	DATE/TIME: 2022-10-09 15:06:25[ERROR] => Unauthorized error: Full authentication is required to access this resource
 AT r.s.security.AuthEntryPointJwt  --- PID: 34130	thread: [http-nio-9050-exec-5]	DATE/TIME: 2022-10-09 15:06:25[ERROR] => Unauthorized error: Full authentication is required to access this resource
 AT r.s.security.AuthEntryPointJwt  --- PID: 129282	thread: [http-nio-9050-exec-3]	DATE/TIME: 2022-10-09 15:08:00[ERROR] => Unauthorized error: Full authentication is required to access this resource
 AT r.s.security.AuthEntryPointJwt  --- PID: 129297	thread: [http-nio-9050-exec-2]	DATE/TIME: 2022-10-09 15:08:00[ERROR] => Unauthorized error: Full authentication is required to access this resource
 AT r.s.security.AuthEntryPointJwt  --- PID: 134770	thread: [http-nio-9050-exec-9]	DATE/TIME: 2022-10-09 15:08:06[ERROR] => Unauthorized error: Full authentication is required to access this resource
 AT r.s.security.AuthEntryPointJwt  --- PID: 134772	thread: [http-nio-9050-exec-6]	DATE/TIME: 2022-10-09 15:08:06[ERROR] => Unauthorized error: Full authentication is required to access this resource
 AT r.s.security.AuthEntryPointJwt  --- PID: 160896	thread: [http-nio-9050-exec-1]	DATE/TIME: 2022-10-09 15:08:32[ERROR] => Unauthorized error: Full authentication is required to access this resource
 AT r.s.security.AuthEntryPointJwt  --- PID: 445030	thread: [http-nio-9050-exec-7]	DATE/TIME: 2022-10-09 15:13:16[ERROR] => Unauthorized error: Full authentication is required to access this resource
 AT r.s.security.AuthEntryPointJwt  --- PID: 445043	thread: [http-nio-9050-exec-10]	DATE/TIME: 2022-10-09 15:13:16[ERROR] => Unauthorized error: Full authentication is required to access this resource
 AT r.s.security.AuthEntryPointJwt  --- PID: 497833	thread: [http-nio-9050-exec-4]	DATE/TIME: 2022-10-09 15:14:09[ERROR] => Unauthorized error: Full authentication is required to access this resource
 AT r.s.security.AuthEntryPointJwt  --- PID: 497847	thread: [http-nio-9050-exec-5]	DATE/TIME: 2022-10-09 15:14:09[ERROR] => Unauthorized error: Full authentication is required to access this resource
 AT r.s.security.AuthEntryPointJwt  --- PID: 18365	thread: [http-nio-9050-exec-5]	DATE/TIME: 2022-10-09 15:15:36[ERROR] => Unauthorized error: Full authentication is required to access this resource
 AT r.s.security.AuthEntryPointJwt  --- PID: 18365	thread: [http-nio-9050-exec-4]	DATE/TIME: 2022-10-09 15:15:36[ERROR] => Unauthorized error: Full authentication is required to access this resource
 AT r.s.security.AuthEntryPointJwt  --- PID: 68629	thread: [http-nio-9050-exec-8]	DATE/TIME: 2022-10-09 15:16:26[ERROR] => Unauthorized error: Full authentication is required to access this resource
 AT r.s.security.AuthEntryPointJwt  --- PID: 68637	thread: [http-nio-9050-exec-9]	DATE/TIME: 2022-10-09 15:16:26[ERROR] => Unauthorized error: Full authentication is required to access this resource
 AT r.s.security.AuthEntryPointJwt  --- PID: 257621	thread: [http-nio-9050-exec-3]	DATE/TIME: 2022-10-09 15:19:35[ERROR] => Unauthorized error: Full authentication is required to access this resource
 AT r.s.security.AuthEntryPointJwt  --- PID: 257622	thread: [http-nio-9050-exec-5]	DATE/TIME: 2022-10-09 15:19:35[ERROR] => Application run failed
 AT o.s.boot.SpringApplication  --- PID: 5160	thread: [main]	DATE/TIME: 2022-10-09 16:02:30org.springframework.context.ApplicationContextException: Failed to start bean 'webServerStartStop'; nested exception is org.springframework.boot.web.server.WebServerException: Unable to start embedded Tomcat server
	at org.springframework.context.support.DefaultLifecycleProcessor.doStart(DefaultLifecycleProcessor.java:181)
	at org.springframework.context.support.DefaultLifecycleProcessor.access$200(DefaultLifecycleProcessor.java:54)
	at org.springframework.context.support.DefaultLifecycleProcessor$LifecycleGroup.start(DefaultLifecycleProcessor.java:356)
	at java.base/java.lang.Iterable.forEach(Iterable.java:75)
	at org.springframework.context.support.DefaultLifecycleProcessor.startBeans(DefaultLifecycleProcessor.java:155)
	at org.springframework.context.support.DefaultLifecycleProcessor.onRefresh(DefaultLifecycleProcessor.java:123)
	at org.springframework.context.support.AbstractApplicationContext.finishRefresh(AbstractApplicationContext.java:935)
	at org.springframework.context.support.AbstractApplicationContext.refresh(AbstractApplicationContext.java:586)
	at org.springframework.boot.web.servlet.context.ServletWebServerApplicationContext.refresh(ServletWebServerApplicationContext.java:147)
	at org.springframework.boot.SpringApplication.refresh(SpringApplication.java:734)
	at org.springframework.boot.SpringApplication.refreshContext(SpringApplication.java:408)
	at org.springframework.boot.SpringApplication.run(SpringApplication.java:308)
	at org.springframework.boot.SpringApplication.run(SpringApplication.java:1306)
	at org.springframework.boot.SpringApplication.run(SpringApplication.java:1295)
	at root.ErsApplication.main(ErsApplication.java:13)
Caused by: org.springframework.boot.web.server.WebServerException: Unable to start embedded Tomcat server
	at org.springframework.boot.web.embedded.tomcat.TomcatWebServer.start(TomcatWebServer.java:229)
	at org.springframework.boot.web.servlet.context.WebServerStartStopLifecycle.start(WebServerStartStopLifecycle.java:43)
	at org.springframework.context.support.DefaultLifecycleProcessor.doStart(DefaultLifecycleProcessor.java:178)
	... 14 common frames omitted
Caused by: java.lang.IllegalArgumentException: standardService.connector.startFailed
	at org.apache.catalina.core.StandardService.addConnector(StandardService.java:238)
	at org.springframework.boot.web.embedded.tomcat.TomcatWebServer.addPreviouslyRemovedConnectors(TomcatWebServer.java:282)
	at org.springframework.boot.web.embedded.tomcat.TomcatWebServer.start(TomcatWebServer.java:213)
	... 16 common frames omitted
Caused by: org.apache.catalina.LifecycleException: Protocol handler start failed
	at org.apache.catalina.connector.Connector.startInternal(Connector.java:1077)
	at org.apache.catalina.util.LifecycleBase.start(LifecycleBase.java:183)
	at org.apache.catalina.core.StandardService.addConnector(StandardService.java:234)
	... 18 common frames omitted
Caused by: java.lang.IllegalArgumentException: keystore password was incorrect
	at org.apache.tomcat.util.net.AbstractJsseEndpoint.createSSLContext(AbstractJsseEndpoint.java:107)
	at org.apache.tomcat.util.net.AbstractJsseEndpoint.initialiseSsl(AbstractJsseEndpoint.java:71)
	at org.apache.tomcat.util.net.NioEndpoint.bind(NioEndpoint.java:234)
	at org.apache.tomcat.util.net.AbstractEndpoint.bindWithCleanup(AbstractEndpoint.java:1227)
	at org.apache.tomcat.util.net.AbstractEndpoint.start(AbstractEndpoint.java:1313)
	at org.apache.coyote.AbstractProtocol.start(AbstractProtocol.java:614)
	at org.apache.catalina.connector.Connector.startInternal(Connector.java:1074)
	... 20 common frames omitted
Caused by: java.io.IOException: keystore password was incorrect
	at java.base/sun.security.pkcs12.PKCS12KeyStore.engineLoad(PKCS12KeyStore.java:2159)
	at java.base/sun.security.util.KeyStoreDelegator.engineLoad(KeyStoreDelegator.java:221)
	at java.base/java.security.KeyStore.load(KeyStore.java:1473)
	at org.apache.tomcat.util.security.KeyStoreUtil.load(KeyStoreUtil.java:67)
	at org.apache.tomcat.util.net.SSLUtilBase.getStore(SSLUtilBase.java:217)
	at org.apache.tomcat.util.net.SSLHostConfigCertificate.getCertificateKeystore(SSLHostConfigCertificate.java:207)
	at org.apache.tomcat.util.net.SSLUtilBase.getKeyManagers(SSLUtilBase.java:283)
	at org.apache.tomcat.util.net.SSLUtilBase.createSSLContext(SSLUtilBase.java:247)
	at org.apache.tomcat.util.net.AbstractJsseEndpoint.createSSLContext(AbstractJsseEndpoint.java:105)
	... 26 common frames omitted
Caused by: java.security.UnrecoverableKeyException: failed to decrypt safe contents entry: javax.crypto.BadPaddingException: Given final block not properly padded. Such issues can arise if a bad key is used during decryption.
	... 35 common frames omitted
[ERROR] => Application run failed
 AT o.s.boot.SpringApplication  --- PID: 5837	thread: [main]	DATE/TIME: 2022-10-09 16:04:56org.springframework.context.ApplicationContextException: Failed to start bean 'webServerStartStop'; nested exception is org.springframework.boot.web.server.WebServerException: Unable to start embedded Tomcat server
	at org.springframework.context.support.DefaultLifecycleProcessor.doStart(DefaultLifecycleProcessor.java:181)
	at org.springframework.context.support.DefaultLifecycleProcessor.access$200(DefaultLifecycleProcessor.java:54)
	at org.springframework.context.support.DefaultLifecycleProcessor$LifecycleGroup.start(DefaultLifecycleProcessor.java:356)
	at java.base/java.lang.Iterable.forEach(Iterable.java:75)
	at org.springframework.context.support.DefaultLifecycleProcessor.startBeans(DefaultLifecycleProcessor.java:155)
	at org.springframework.context.support.DefaultLifecycleProcessor.onRefresh(DefaultLifecycleProcessor.java:123)
	at org.springframework.context.support.AbstractApplicationContext.finishRefresh(AbstractApplicationContext.java:935)
	at org.springframework.context.support.AbstractApplicationContext.refresh(AbstractApplicationContext.java:586)
	at org.springframework.boot.web.servlet.context.ServletWebServerApplicationContext.refresh(ServletWebServerApplicationContext.java:147)
	at org.springframework.boot.SpringApplication.refresh(SpringApplication.java:734)
	at org.springframework.boot.SpringApplication.refreshContext(SpringApplication.java:408)
	at org.springframework.boot.SpringApplication.run(SpringApplication.java:308)
	at org.springframework.boot.SpringApplication.run(SpringApplication.java:1306)
	at org.springframework.boot.SpringApplication.run(SpringApplication.java:1295)
	at root.ErsApplication.main(ErsApplication.java:13)
Caused by: org.springframework.boot.web.server.WebServerException: Unable to start embedded Tomcat server
	at org.springframework.boot.web.embedded.tomcat.TomcatWebServer.start(TomcatWebServer.java:229)
	at org.springframework.boot.web.servlet.context.WebServerStartStopLifecycle.start(WebServerStartStopLifecycle.java:43)
	at org.springframework.context.support.DefaultLifecycleProcessor.doStart(DefaultLifecycleProcessor.java:178)
	... 14 common frames omitted
Caused by: java.lang.IllegalArgumentException: standardService.connector.startFailed
	at org.apache.catalina.core.StandardService.addConnector(StandardService.java:238)
	at org.springframework.boot.web.embedded.tomcat.TomcatWebServer.addPreviouslyRemovedConnectors(TomcatWebServer.java:282)
	at org.springframework.boot.web.embedded.tomcat.TomcatWebServer.start(TomcatWebServer.java:213)
	... 16 common frames omitted
Caused by: org.apache.catalina.LifecycleException: Protocol handler start failed
	at org.apache.catalina.connector.Connector.startInternal(Connector.java:1077)
	at org.apache.catalina.util.LifecycleBase.start(LifecycleBase.java:183)
	at org.apache.catalina.core.StandardService.addConnector(StandardService.java:234)
	... 18 common frames omitted
Caused by: java.lang.IllegalArgumentException: Alias name [ers137] does not identify a key entry
	at org.apache.tomcat.util.net.AbstractJsseEndpoint.createSSLContext(AbstractJsseEndpoint.java:107)
	at org.apache.tomcat.util.net.AbstractJsseEndpoint.initialiseSsl(AbstractJsseEndpoint.java:71)
	at org.apache.tomcat.util.net.NioEndpoint.bind(NioEndpoint.java:234)
	at org.apache.tomcat.util.net.AbstractEndpoint.bindWithCleanup(AbstractEndpoint.java:1227)
	at org.apache.tomcat.util.net.AbstractEndpoint.start(AbstractEndpoint.java:1313)
	at org.apache.coyote.AbstractProtocol.start(AbstractProtocol.java:614)
	at org.apache.catalina.connector.Connector.startInternal(Connector.java:1074)
	... 20 common frames omitted
Caused by: java.io.IOException: Alias name [ers137] does not identify a key entry
	at org.apache.tomcat.util.net.SSLUtilBase.getKeyManagers(SSLUtilBase.java:337)
	at org.apache.tomcat.util.net.SSLUtilBase.createSSLContext(SSLUtilBase.java:247)
	at org.apache.tomcat.util.net.AbstractJsseEndpoint.createSSLContext(AbstractJsseEndpoint.java:105)
	... 26 common frames omitted
[ERROR] => Application run failed
 AT o.s.boot.SpringApplication  --- PID: 5472	thread: [main]	DATE/TIME: 2022-10-09 20:33:49org.springframework.context.ApplicationContextException: Failed to start bean 'webServerStartStop'; nested exception is org.springframework.boot.web.server.WebServerException: Unable to start embedded Tomcat server
	at org.springframework.context.support.DefaultLifecycleProcessor.doStart(DefaultLifecycleProcessor.java:181)
	at org.springframework.context.support.DefaultLifecycleProcessor.access$200(DefaultLifecycleProcessor.java:54)
	at org.springframework.context.support.DefaultLifecycleProcessor$LifecycleGroup.start(DefaultLifecycleProcessor.java:356)
	at java.base/java.lang.Iterable.forEach(Iterable.java:75)
	at org.springframework.context.support.DefaultLifecycleProcessor.startBeans(DefaultLifecycleProcessor.java:155)
	at org.springframework.context.support.DefaultLifecycleProcessor.onRefresh(DefaultLifecycleProcessor.java:123)
	at org.springframework.context.support.AbstractApplicationContext.finishRefresh(AbstractApplicationContext.java:935)
	at org.springframework.context.support.AbstractApplicationContext.refresh(AbstractApplicationContext.java:586)
	at org.springframework.boot.web.servlet.context.ServletWebServerApplicationContext.refresh(ServletWebServerApplicationContext.java:147)
	at org.springframework.boot.SpringApplication.refresh(SpringApplication.java:734)
	at org.springframework.boot.SpringApplication.refreshContext(SpringApplication.java:408)
	at org.springframework.boot.SpringApplication.run(SpringApplication.java:308)
	at org.springframework.boot.SpringApplication.run(SpringApplication.java:1306)
	at org.springframework.boot.SpringApplication.run(SpringApplication.java:1295)
	at root.ErsApplication.main(ErsApplication.java:13)
Caused by: org.springframework.boot.web.server.WebServerException: Unable to start embedded Tomcat server
	at org.springframework.boot.web.embedded.tomcat.TomcatWebServer.start(TomcatWebServer.java:229)
	at org.springframework.boot.web.servlet.context.WebServerStartStopLifecycle.start(WebServerStartStopLifecycle.java:43)
	at org.springframework.context.support.DefaultLifecycleProcessor.doStart(DefaultLifecycleProcessor.java:178)
	... 14 common frames omitted
Caused by: java.lang.IllegalArgumentException: standardService.connector.startFailed
	at org.apache.catalina.core.StandardService.addConnector(StandardService.java:238)
	at org.springframework.boot.web.embedded.tomcat.TomcatWebServer.addPreviouslyRemovedConnectors(TomcatWebServer.java:282)
	at org.springframework.boot.web.embedded.tomcat.TomcatWebServer.start(TomcatWebServer.java:213)
	... 16 common frames omitted
Caused by: org.apache.catalina.LifecycleException: Protocol handler start failed
	at org.apache.catalina.connector.Connector.startInternal(Connector.java:1077)
	at org.apache.catalina.util.LifecycleBase.start(LifecycleBase.java:183)
	at org.apache.catalina.core.StandardService.addConnector(StandardService.java:234)
	... 18 common frames omitted
Caused by: java.lang.IllegalArgumentException: Integrity check failed: java.security.NoSuchAlgorithmException: Algorithm HmacPBESHA256 not available
	at org.apache.tomcat.util.net.AbstractJsseEndpoint.createSSLContext(AbstractJsseEndpoint.java:107)
	at org.apache.tomcat.util.net.AbstractJsseEndpoint.initialiseSsl(AbstractJsseEndpoint.java:71)
	at org.apache.tomcat.util.net.NioEndpoint.bind(NioEndpoint.java:234)
	at org.apache.tomcat.util.net.AbstractEndpoint.bindWithCleanup(AbstractEndpoint.java:1227)
	at org.apache.tomcat.util.net.AbstractEndpoint.start(AbstractEndpoint.java:1313)
	at org.apache.coyote.AbstractProtocol.start(AbstractProtocol.java:614)
	at org.apache.catalina.connector.Connector.startInternal(Connector.java:1074)
	... 20 common frames omitted
Caused by: java.io.IOException: Integrity check failed: java.security.NoSuchAlgorithmException: Algorithm HmacPBESHA256 not available
	at java.base/sun.security.pkcs12.PKCS12KeyStore.engineLoad(PKCS12KeyStore.java:2158)
	at java.base/sun.security.util.KeyStoreDelegator.engineLoad(KeyStoreDelegator.java:222)
	at java.base/java.security.KeyStore.load(KeyStore.java:1479)
	at org.apache.tomcat.util.security.KeyStoreUtil.load(KeyStoreUtil.java:67)
	at org.apache.tomcat.util.net.SSLUtilBase.getStore(SSLUtilBase.java:217)
	at org.apache.tomcat.util.net.SSLHostConfigCertificate.getCertificateKeystore(SSLHostConfigCertificate.java:207)
	at org.apache.tomcat.util.net.SSLUtilBase.getKeyManagers(SSLUtilBase.java:283)
	at org.apache.tomcat.util.net.SSLUtilBase.createSSLContext(SSLUtilBase.java:247)
	at org.apache.tomcat.util.net.AbstractJsseEndpoint.createSSLContext(AbstractJsseEndpoint.java:105)
	... 26 common frames omitted
Caused by: java.security.NoSuchAlgorithmException: Algorithm HmacPBESHA256 not available
	at java.base/javax.crypto.Mac.getInstance(Mac.java:191)
	at java.base/sun.security.pkcs12.PKCS12KeyStore.engineLoad(PKCS12KeyStore.java:2136)
	... 34 common frames omitted
